<?xml version="1.0" encoding="UTF-8"?>
<!-- Generated by org.testng.reporters.JUnitReportReporter -->
<testsuite hostname="DESKTOP-8NI1QA6" failures="0" tests="1" name="individual.SimpleFormDemoTest" time="5.685" errors="0" timestamp="2025-02-15T12:23:03 IST" skipped="0">
  <testcase classname="individual.SimpleFormDemoTest" name="simpleForm" time="5.685"/>
</testsuite> <!-- individual.SimpleFormDemoTest -->
