<?xml version="1.0" encoding="UTF-8"?>
<!-- Generated by org.testng.reporters.JUnitReportReporter -->
<testsuite hostname="DESKTOP-8NI1QA6" failures="0" tests="1" name="individual.InputFormSubmitTest" time="35.482" errors="0" timestamp="2025-02-15T12:24:28 IST" skipped="0">
  <testcase classname="individual.InputFormSubmitTest" name="SimpleForm" time="35.482"/>
</testsuite> <!-- individual.InputFormSubmitTest -->
