<?xml version="1.0" encoding="UTF-8"?>
<!-- Generated by org.testng.reporters.JUnitReportReporter -->
<testsuite hostname="DESKTOP-8NI1QA6" failures="0" tests="1" name="MultiBrowsers.SimpleFormDemoTest" time="3.125" errors="0" timestamp="2025-02-15T12:31:50 IST" skipped="0">
  <testcase classname="MultiBrowsers.SimpleFormDemoTest" name="inputForm" time="3.125"/>
</testsuite> <!-- MultiBrowsers.SimpleFormDemoTest -->
