<?xml version="1.0" encoding="UTF-8"?>
<!-- Generated by org.testng.reporters.JUnitReportReporter -->
<testsuite hostname="DESKTOP-8NI1QA6" failures="0" tests="1" name="individual.DragAndDropSlidersTest" time="2.321" errors="0" timestamp="2025-02-15T12:24:48 IST" skipped="0">
  <testcase classname="individual.DragAndDropSlidersTest" name="dragAndDrop" time="2.321"/>
</testsuite> <!-- individual.DragAndDropSlidersTest -->
